# JRE version: OpenJDK Runtime Environment (17.0.6) (build 17.0.6+0-b2043.56-9586694)
# Java VM: OpenJDK 64-Bit Server VM (17.0.6+0-b2043.56-9586694, mixed mode, tiered, compressed oops, compressed class ptrs, g1 gc, windows-amd64)
GC Precious Log:
 CPUs: 8 total, 8 available
 Memory: 8014M
 Large Page Support: Disabled
 NUMA Support: Disabled
 Compressed Oops: Enabled (32-bit)
 Heap Region Size: 1M
 Heap Min Capacity: 8M
 Heap Initial Capacity: 126M
 Heap Max Capacity: 2G
 Pre-touch: Disabled
 Parallel Workers: 8
 Concurrent Workers: 2
 Concurrent Refinement Workers: 8
 Periodic GC: Disabled
Heap:
 garbage-first heap   total 268288K, used 116474K [0x0000000080000000, 0x0000000100000000)
  region size 1024K, 1 young (1024K), 1 survivors (1024K)
 Metaspace       used 102144K, committed 102912K, reserved 1138688K
  class space    used 13259K, committed 13632K, reserved 1048576K
GC Heap History (20 events):
Event: 26.672 GC heap after
{Heap after GC invocations=32 (full 0):
 garbage-first heap   total 158720K, used 81100K [0x0000000080000000, 0x0000000100000000)
  region size 1024K, 6 young (6144K), 6 survivors (6144K)
 Metaspace       used 90806K, committed 91456K, reserved 1130496K
  class space    used 12064K, committed 12352K, reserved 1048576K
}
Event: 27.662 GC heap before
{Heap before GC invocations=32 (full 0):
 garbage-first heap   total 158720K, used 125132K [0x0000000080000000, 0x0000000100000000)
  region size 1024K, 50 young (51200K), 6 survivors (6144K)
 Metaspace       used 92348K, committed 92992K, reserved 1130496K
  class space    used 12320K, committed 12608K, reserved 1048576K
}
Event: 27.678 GC heap after
{Heap after GC invocations=33 (full 0):
 garbage-first heap   total 158720K, used 88142K [0x0000000080000000, 0x0000000100000000)
  region size 1024K, 7 young (7168K), 7 survivors (7168K)
 Metaspace       used 92348K, committed 92992K, reserved 1130496K
  class space    used 12320K, committed 12608K, reserved 1048576K
}
Event: 28.216 GC heap before
{Heap before GC invocations=34 (full 0):
 garbage-first heap   total 167936K, used 125006K [0x0000000080000000, 0x0000000100000000)
  region size 1024K, 44 young (45056K), 7 survivors (7168K)
 Metaspace       used 92895K, committed 93568K, reserved 1130496K
  class space    used 12426K, committed 12736K, reserved 1048576K
}
Event: 28.226 GC heap after
{Heap after GC invocations=35 (full 0):
 garbage-first heap   total 167936K, used 91379K [0x0000000080000000, 0x0000000100000000)
  region size 1024K, 4 young (4096K), 4 survivors (4096K)
 Metaspace       used 92895K, committed 93568K, reserved 1130496K
  class space    used 12426K, committed 12736K, reserved 1048576K
}
Event: 28.284 GC heap before
{Heap before GC invocations=35 (full 0):
 garbage-first heap   total 167936K, used 95475K [0x0000000080000000, 0x0000000100000000)
  region size 1024K, 8 young (8192K), 4 survivors (4096K)
 Metaspace       used 92918K, committed 93632K, reserved 1130496K
  class space    used 12426K, committed 12736K, reserved 1048576K
}
Event: 28.293 GC heap after
{Heap after GC invocations=36 (full 0):
 garbage-first heap   total 268288K, used 91421K [0x0000000080000000, 0x0000000100000000)
  region size 1024K, 1 young (1024K), 1 survivors (1024K)
 Metaspace       used 92918K, committed 93632K, reserved 1130496K
  class space    used 12426K, committed 12736K, reserved 1048576K
}
Event: 31.205 GC heap before
{Heap before GC invocations=36 (full 0):
 garbage-first heap   total 268288K, used 217373K [0x0000000080000000, 0x0000000100000000)
  region size 1024K, 116 young (118784K), 1 survivors (1024K)
 Metaspace       used 96569K, committed 97344K, reserved 1138688K
  class space    used 12820K, committed 13184K, reserved 1048576K
}
Event: 31.221 GC heap after
{Heap after GC invocations=37 (full 0):
 garbage-first heap   total 268288K, used 119256K [0x0000000080000000, 0x0000000100000000)
  region size 1024K, 15 young (15360K), 15 survivors (15360K)
 Metaspace       used 96569K, committed 97344K, reserved 1138688K
  class space    used 12820K, committed 13184K, reserved 1048576K
}
Event: 32.674 GC heap before
{Heap before GC invocations=37 (full 0):
 garbage-first heap   total 268288K, used 195032K [0x0000000080000000, 0x0000000100000000)
  region size 1024K, 76 young (77824K), 15 survivors (15360K)
 Metaspace       used 97116K, committed 97856K, reserved 1138688K
  class space    used 12862K, committed 13184K, reserved 1048576K
}
Event: 32.701 GC heap after
{Heap after GC invocations=38 (full 0):
 garbage-first heap   total 268288K, used 137216K [0x0000000080000000, 0x0000000100000000)
  region size 1024K, 12 young (12288K), 12 survivors (12288K)
 Metaspace       used 97116K, committed 97856K, reserved 1138688K
  class space    used 12862K, committed 13184K, reserved 1048576K
}
Event: 33.539 GC heap before
{Heap before GC invocations=39 (full 0):
 garbage-first heap   total 268288K, used 209920K [0x0000000080000000, 0x0000000100000000)
  region size 1024K, 74 young (75776K), 12 survivors (12288K)
 Metaspace       used 100612K, committed 101376K, reserved 1138688K
  class space    used 13157K, committed 13504K, reserved 1048576K
}
Event: 33.569 GC heap after
{Heap after GC invocations=40 (full 0):
 garbage-first heap   total 268288K, used 145080K [0x0000000080000000, 0x0000000100000000)
  region size 1024K, 10 young (10240K), 10 survivors (10240K)
 Metaspace       used 100612K, committed 101376K, reserved 1138688K
  class space    used 13157K, committed 13504K, reserved 1048576K
}
Event: 33.608 GC heap before
{Heap before GC invocations=40 (full 0):
 garbage-first heap   total 268288K, used 148152K [0x0000000080000000, 0x0000000100000000)
  region size 1024K, 13 young (13312K), 10 survivors (10240K)
 Metaspace       used 100673K, committed 101376K, reserved 1138688K
  class space    used 13161K, committed 13504K, reserved 1048576K
}
Event: 33.628 GC heap after
{Heap after GC invocations=41 (full 0):
 garbage-first heap   total 268288K, used 145694K [0x0000000080000000, 0x0000000100000000)
  region size 1024K, 2 young (2048K), 2 survivors (2048K)
 Metaspace       used 100673K, committed 101376K, reserved 1138688K
  class space    used 13161K, committed 13504K, reserved 1048576K
}
Event: 34.240 GC heap before
{Heap before GC invocations=41 (full 0):
 garbage-first heap   total 268288K, used 204062K [0x0000000080000000, 0x0000000100000000)
  region size 1024K, 60 young (61440K), 2 survivors (2048K)
 Metaspace       used 101477K, committed 102272K, reserved 1138688K
  class space    used 13211K, committed 13568K, reserved 1048576K
}
Event: 34.245 GC heap after
{Heap after GC invocations=42 (full 0):
 garbage-first heap   total 268288K, used 146456K [0x0000000080000000, 0x0000000100000000)
  region size 1024K, 3 young (3072K), 3 survivors (3072K)
 Metaspace       used 101477K, committed 102272K, reserved 1138688K
  class space    used 13211K, committed 13568K, reserved 1048576K
}
Event: 34.857 GC heap before
{Heap before GC invocations=43 (full 0):
 garbage-first heap   total 268288K, used 196632K [0x0000000080000000, 0x0000000100000000)
  region size 1024K, 65 young (66560K), 3 survivors (3072K)
 Metaspace       used 102139K, committed 102912K, reserved 1138688K
  class space    used 13259K, committed 13632K, reserved 1048576K
}
Event: 34.865 GC heap after
{Heap after GC invocations=44 (full 0):
 garbage-first heap   total 268288K, used 137407K [0x0000000080000000, 0x0000000100000000)
  region size 1024K, 6 young (6144K), 6 survivors (6144K)
 Metaspace       used 102139K, committed 102912K, reserved 1138688K
  class space    used 13259K, committed 13632K, reserved 1048576K
}
Event: 35.012 GC heap before
{Heap before GC invocations=44 (full 0):
 garbage-first heap   total 268288K, used 143551K [0x0000000080000000, 0x0000000100000000)
  region size 1024K, 13 young (13312K), 6 survivors (6144K)
 Metaspace       used 102144K, committed 102912K, reserved 1138688K
  class space    used 13259K, committed 13632K, reserved 1048576K
}

