# JRE version: OpenJDK Runtime Environment (17.0.6) (build 17.0.6+0-b2043.56-9586694)
# Java VM: OpenJDK 64-Bit Server VM (17.0.6+0-b2043.56-9586694, mixed mode, tiered, compressed oops, compressed class ptrs, g1 gc, windows-amd64)
GC Precious Log:
 CPUs: 8 total, 8 available
 Memory: 8014M
 Large Page Support: Disabled
 NUMA Support: Disabled
 Compressed Oops: Enabled (32-bit)
 Heap Region Size: 1M
 Heap Min Capacity: 8M
 Heap Initial Capacity: 126M
 Heap Max Capacity: 2G
 Pre-touch: Disabled
 Parallel Workers: 8
 Concurrent Workers: 2
 Concurrent Refinement Workers: 8
 Periodic GC: Disabled
Heap:
 garbage-first heap   total 229376K, used 110202K [0x0000000080000000, 0x0000000100000000)
  region size 1024K, 6 young (6144K), 6 survivors (6144K)
 Metaspace       used 100848K, committed 101504K, reserved 1138688K
  class space    used 13574K, committed 13888K, reserved 1048576K
GC Heap History (20 events):
Event: 14.905 GC heap after
{Heap after GC invocations=35 (full 0):
 garbage-first heap   total 215040K, used 83107K [0x0000000080000000, 0x0000000100000000)
  region size 1024K, 13 young (13312K), 13 survivors (13312K)
 Metaspace       used 87317K, committed 88000K, reserved 1130496K
  class space    used 11849K, committed 12160K, reserved 1048576K
}
Event: 14.925 GC heap before
{Heap before GC invocations=35 (full 0):
 garbage-first heap   total 215040K, used 83107K [0x0000000080000000, 0x0000000100000000)
  region size 1024K, 14 young (14336K), 13 survivors (13312K)
 Metaspace       used 87392K, committed 88064K, reserved 1130496K
  class space    used 11861K, committed 12160K, reserved 1048576K
}
Event: 14.936 GC heap after
{Heap after GC invocations=36 (full 0):
 garbage-first heap   total 215040K, used 84851K [0x0000000080000000, 0x0000000100000000)
  region size 1024K, 2 young (2048K), 2 survivors (2048K)
 Metaspace       used 87392K, committed 88064K, reserved 1130496K
  class space    used 11861K, committed 12160K, reserved 1048576K
}
Event: 16.132 GC heap before
{Heap before GC invocations=36 (full 0):
 garbage-first heap   total 215040K, used 153459K [0x0000000080000000, 0x0000000100000000)
  region size 1024K, 70 young (71680K), 2 survivors (2048K)
 Metaspace       used 88435K, committed 89088K, reserved 1130496K
  class space    used 11990K, committed 12288K, reserved 1048576K
}
Event: 16.139 GC heap after
{Heap after GC invocations=37 (full 0):
 garbage-first heap   total 215040K, used 88131K [0x0000000080000000, 0x0000000100000000)
  region size 1024K, 5 young (5120K), 5 survivors (5120K)
 Metaspace       used 88435K, committed 89088K, reserved 1130496K
  class space    used 11990K, committed 12288K, reserved 1048576K
}
Event: 17.976 GC heap before
{Heap before GC invocations=37 (full 0):
 garbage-first heap   total 215040K, used 163907K [0x0000000080000000, 0x0000000100000000)
  region size 1024K, 77 young (78848K), 5 survivors (5120K)
 Metaspace       used 91851K, committed 92544K, reserved 1130496K
  class space    used 12439K, committed 12736K, reserved 1048576K
}
Event: 18.004 GC heap after
{Heap after GC invocations=38 (full 0):
 garbage-first heap   total 215040K, used 114071K [0x0000000080000000, 0x0000000100000000)
  region size 1024K, 10 young (10240K), 10 survivors (10240K)
 Metaspace       used 91851K, committed 92544K, reserved 1130496K
  class space    used 12439K, committed 12736K, reserved 1048576K
}
Event: 18.016 GC heap before
{Heap before GC invocations=38 (full 0):
 garbage-first heap   total 215040K, used 115095K [0x0000000080000000, 0x0000000100000000)
  region size 1024K, 12 young (12288K), 10 survivors (10240K)
 Metaspace       used 91851K, committed 92544K, reserved 1130496K
  class space    used 12439K, committed 12736K, reserved 1048576K
}
Event: 18.031 GC heap after
{Heap after GC invocations=39 (full 0):
 garbage-first heap   total 215040K, used 116507K [0x0000000080000000, 0x0000000100000000)
  region size 1024K, 1 young (1024K), 1 survivors (1024K)
 Metaspace       used 91851K, committed 92544K, reserved 1130496K
  class space    used 12439K, committed 12736K, reserved 1048576K
}
Event: 18.801 GC heap before
{Heap before GC invocations=40 (full 0):
 garbage-first heap   total 229376K, used 171803K [0x0000000080000000, 0x0000000100000000)
  region size 1024K, 39 young (39936K), 1 survivors (1024K)
 Metaspace       used 93559K, committed 94208K, reserved 1138688K
  class space    used 12638K, committed 12928K, reserved 1048576K
}
Event: 18.805 GC heap after
{Heap after GC invocations=41 (full 0):
 garbage-first heap   total 229376K, used 121840K [0x0000000080000000, 0x0000000100000000)
  region size 1024K, 3 young (3072K), 3 survivors (3072K)
 Metaspace       used 93559K, committed 94208K, reserved 1138688K
  class space    used 12638K, committed 12928K, reserved 1048576K
}
Event: 18.895 GC heap before
{Heap before GC invocations=41 (full 0):
 garbage-first heap   total 229376K, used 129008K [0x0000000080000000, 0x0000000100000000)
  region size 1024K, 11 young (11264K), 3 survivors (3072K)
 Metaspace       used 93867K, committed 94528K, reserved 1138688K
  class space    used 12674K, committed 12992K, reserved 1048576K
}
Event: 18.899 GC heap after
{Heap after GC invocations=42 (full 0):
 garbage-first heap   total 229376K, used 122127K [0x0000000080000000, 0x0000000100000000)
  region size 1024K, 1 young (1024K), 1 survivors (1024K)
 Metaspace       used 93867K, committed 94528K, reserved 1138688K
  class space    used 12674K, committed 12992K, reserved 1048576K
}
Event: 19.646 GC heap before
{Heap before GC invocations=42 (full 0):
 garbage-first heap   total 229376K, used 168207K [0x0000000080000000, 0x0000000100000000)
  region size 1024K, 47 young (48128K), 1 survivors (1024K)
 Metaspace       used 98504K, committed 99200K, reserved 1138688K
  class space    used 13270K, committed 13568K, reserved 1048576K
}
Event: 19.650 GC heap after
{Heap after GC invocations=43 (full 0):
 garbage-first heap   total 229376K, used 123452K [0x0000000080000000, 0x0000000100000000)
  region size 1024K, 2 young (2048K), 2 survivors (2048K)
 Metaspace       used 98504K, committed 99200K, reserved 1138688K
  class space    used 13270K, committed 13568K, reserved 1048576K
}
Event: 20.422 GC heap before
{Heap before GC invocations=44 (full 0):
 garbage-first heap   total 229376K, used 154172K [0x0000000080000000, 0x0000000100000000)
  region size 1024K, 52 young (53248K), 2 survivors (2048K)
 Metaspace       used 100021K, committed 100672K, reserved 1138688K
  class space    used 13478K, committed 13760K, reserved 1048576K
}
Event: 20.432 GC heap after
{Heap after GC invocations=45 (full 0):
 garbage-first heap   total 229376K, used 108602K [0x0000000080000000, 0x0000000100000000)
  region size 1024K, 7 young (7168K), 7 survivors (7168K)
 Metaspace       used 100021K, committed 100672K, reserved 1138688K
  class space    used 13478K, committed 13760K, reserved 1048576K
}
Event: 20.473 GC heap before
{Heap before GC invocations=45 (full 0):
 garbage-first heap   total 229376K, used 111674K [0x0000000080000000, 0x0000000100000000)
  region size 1024K, 11 young (11264K), 7 survivors (7168K)
 Metaspace       used 100086K, committed 100736K, reserved 1138688K
  class space    used 13486K, committed 13760K, reserved 1048576K
}
Event: 20.480 GC heap after
{Heap after GC invocations=46 (full 0):
 garbage-first heap   total 229376K, used 105538K [0x0000000080000000, 0x0000000100000000)
  region size 1024K, 2 young (2048K), 2 survivors (2048K)
 Metaspace       used 100086K, committed 100736K, reserved 1138688K
  class space    used 13486K, committed 13760K, reserved 1048576K
}
Event: 21.185 GC heap before
{Heap before GC invocations=46 (full 0):
 garbage-first heap   total 229376K, used 171074K [0x0000000080000000, 0x0000000100000000)
  region size 1024K, 67 young (68608K), 2 survivors (2048K)
 Metaspace       used 100848K, committed 101504K, reserved 1138688K
  class space    used 13574K, committed 13888K, reserved 1048576K
}

