# JRE version: OpenJDK Runtime Environment (17.0.6) (build 17.0.6+0-b2043.56-9586694)
# Java VM: OpenJDK 64-Bit Server VM (17.0.6+0-b2043.56-9586694, mixed mode, tiered, compressed oops, compressed class ptrs, g1 gc, windows-amd64)
GC Precious Log:
 CPUs: 8 total, 8 available
 Memory: 8014M
 Large Page Support: Disabled
 NUMA Support: Disabled
 Compressed Oops: Enabled (32-bit)
 Heap Region Size: 1M
 Heap Min Capacity: 8M
 Heap Initial Capacity: 126M
 Heap Max Capacity: 2G
 Pre-touch: Disabled
 Parallel Workers: 8
 Concurrent Workers: 2
 Concurrent Refinement Workers: 8
 Periodic GC: Disabled
Heap:
 garbage-first heap   total 203776K, used 120959K [0x0000000080000000, 0x0000000100000000)
  region size 1024K, 5 young (5120K), 5 survivors (5120K)
 Metaspace       used 96110K, committed 96832K, reserved 1138688K
  class space    used 12863K, committed 13184K, reserved 1048576K
GC Heap History (20 events):
Event: 10.785 GC heap after
{Heap after GC invocations=27 (full 0):
 garbage-first heap   total 103424K, used 57900K [0x0000000080000000, 0x0000000100000000)
  region size 1024K, 3 young (3072K), 3 survivors (3072K)
 Metaspace       used 68900K, committed 69440K, reserved 1114112K
  class space    used 9053K, committed 9280K, reserved 1048576K
}
Event: 11.290 GC heap before
{Heap before GC invocations=28 (full 0):
 garbage-first heap   total 104448K, used 81452K [0x0000000080000000, 0x0000000100000000)
  region size 1024K, 27 young (27648K), 3 survivors (3072K)
 Metaspace       used 71917K, committed 72512K, reserved 1114112K
  class space    used 9527K, committed 9792K, reserved 1048576K
}
Event: 11.294 GC heap after
{Heap after GC invocations=29 (full 0):
 garbage-first heap   total 104448K, used 59447K [0x0000000080000000, 0x0000000100000000)
  region size 1024K, 4 young (4096K), 4 survivors (4096K)
 Metaspace       used 71917K, committed 72512K, reserved 1114112K
  class space    used 9527K, committed 9792K, reserved 1048576K
}
Event: 11.312 GC heap before
{Heap before GC invocations=29 (full 0):
 garbage-first heap   total 104448K, used 59447K [0x0000000080000000, 0x0000000100000000)
  region size 1024K, 5 young (5120K), 4 survivors (4096K)
 Metaspace       used 72069K, committed 72576K, reserved 1114112K
  class space    used 9566K, committed 9792K, reserved 1048576K
}
Event: 11.317 GC heap after
{Heap after GC invocations=30 (full 0):
 garbage-first heap   total 203776K, used 59387K [0x0000000080000000, 0x0000000100000000)
  region size 1024K, 1 young (1024K), 1 survivors (1024K)
 Metaspace       used 72069K, committed 72576K, reserved 1114112K
  class space    used 9566K, committed 9792K, reserved 1048576K
}
Event: 13.794 GC heap before
{Heap before GC invocations=30 (full 0):
 garbage-first heap   total 203776K, used 153595K [0x0000000080000000, 0x0000000100000000)
  region size 1024K, 93 young (95232K), 1 survivors (1024K)
 Metaspace       used 78830K, committed 79424K, reserved 1122304K
  class space    used 10687K, committed 10944K, reserved 1048576K
}
Event: 13.807 GC heap after
{Heap after GC invocations=31 (full 0):
 garbage-first heap   total 203776K, used 66113K [0x0000000080000000, 0x0000000100000000)
  region size 1024K, 8 young (8192K), 8 survivors (8192K)
 Metaspace       used 78830K, committed 79424K, reserved 1122304K
  class space    used 10687K, committed 10944K, reserved 1048576K
}
Event: 15.277 GC heap before
{Heap before GC invocations=31 (full 0):
 garbage-first heap   total 203776K, used 152129K [0x0000000080000000, 0x0000000100000000)
  region size 1024K, 93 young (95232K), 8 survivors (8192K)
 Metaspace       used 84221K, committed 84864K, reserved 1122304K
  class space    used 11420K, committed 11712K, reserved 1048576K
}
Event: 15.297 GC heap after
{Heap after GC invocations=32 (full 0):
 garbage-first heap   total 203776K, used 78324K [0x0000000080000000, 0x0000000100000000)
  region size 1024K, 12 young (12288K), 12 survivors (12288K)
 Metaspace       used 84221K, committed 84864K, reserved 1122304K
  class space    used 11420K, committed 11712K, reserved 1048576K
}
Event: 16.578 GC heap before
{Heap before GC invocations=32 (full 0):
 garbage-first heap   total 203776K, used 154100K [0x0000000080000000, 0x0000000100000000)
  region size 1024K, 87 young (89088K), 12 survivors (12288K)
 Metaspace       used 88068K, committed 88704K, reserved 1130496K
  class space    used 11983K, committed 12288K, reserved 1048576K
}
Event: 16.599 GC heap after
{Heap after GC invocations=33 (full 0):
 garbage-first heap   total 203776K, used 86079K [0x0000000080000000, 0x0000000100000000)
  region size 1024K, 8 young (8192K), 8 survivors (8192K)
 Metaspace       used 88068K, committed 88704K, reserved 1130496K
  class space    used 11983K, committed 12288K, reserved 1048576K
}
Event: 18.067 GC heap before
{Heap before GC invocations=33 (full 0):
 garbage-first heap   total 203776K, used 161855K [0x0000000080000000, 0x0000000100000000)
  region size 1024K, 80 young (81920K), 8 survivors (8192K)
 Metaspace       used 91331K, committed 91968K, reserved 1130496K
  class space    used 12409K, committed 12672K, reserved 1048576K
}
Event: 18.086 GC heap after
{Heap after GC invocations=34 (full 0):
 garbage-first heap   total 203776K, used 105090K [0x0000000080000000, 0x0000000100000000)
  region size 1024K, 10 young (10240K), 10 survivors (10240K)
 Metaspace       used 91331K, committed 91968K, reserved 1130496K
  class space    used 12409K, committed 12672K, reserved 1048576K
}
Event: 19.264 GC heap before
{Heap before GC invocations=34 (full 0):
 garbage-first heap   total 203776K, used 161410K [0x0000000080000000, 0x0000000100000000)
  region size 1024K, 57 young (58368K), 10 survivors (10240K)
 Metaspace       used 92127K, committed 92800K, reserved 1130496K
  class space    used 12490K, committed 12800K, reserved 1048576K
}
Event: 19.277 GC heap after
{Heap after GC invocations=35 (full 0):
 garbage-first heap   total 203776K, used 115576K [0x0000000080000000, 0x0000000100000000)
  region size 1024K, 8 young (8192K), 8 survivors (8192K)
 Metaspace       used 92127K, committed 92800K, reserved 1130496K
  class space    used 12490K, committed 12800K, reserved 1048576K
}
Event: 19.824 GC heap before
{Heap before GC invocations=35 (full 0):
 garbage-first heap   total 203776K, used 171896K [0x0000000080000000, 0x0000000100000000)
  region size 1024K, 47 young (48128K), 8 survivors (8192K)
 Metaspace       used 94187K, committed 94912K, reserved 1138688K
  class space    used 12705K, committed 13056K, reserved 1048576K
}
Event: 19.833 GC heap after
{Heap after GC invocations=36 (full 0):
 garbage-first heap   total 203776K, used 114073K [0x0000000080000000, 0x0000000100000000)
  region size 1024K, 4 young (4096K), 4 survivors (4096K)
 Metaspace       used 94187K, committed 94912K, reserved 1138688K
  class space    used 12705K, committed 13056K, reserved 1048576K
}
Event: 20.247 GC heap before
{Heap before GC invocations=36 (full 0):
 garbage-first heap   total 203776K, used 158105K [0x0000000080000000, 0x0000000100000000)
  region size 1024K, 48 young (49152K), 4 survivors (4096K)
 Metaspace       used 95440K, committed 96128K, reserved 1138688K
  class space    used 12806K, committed 13120K, reserved 1048576K
}
Event: 20.255 GC heap after
{Heap after GC invocations=37 (full 0):
 garbage-first heap   total 203776K, used 117362K [0x0000000080000000, 0x0000000100000000)
  region size 1024K, 5 young (5120K), 5 survivors (5120K)
 Metaspace       used 95440K, committed 96128K, reserved 1138688K
  class space    used 12806K, committed 13120K, reserved 1048576K
}
Event: 20.604 GC heap before
{Heap before GC invocations=37 (full 0):
 garbage-first heap   total 203776K, used 160370K [0x0000000080000000, 0x0000000100000000)
  region size 1024K, 48 young (49152K), 5 survivors (5120K)
 Metaspace       used 96110K, committed 96832K, reserved 1138688K
  class space    used 12863K, committed 13184K, reserved 1048576K
}

