# JRE version: OpenJDK Runtime Environment (17.0.6) (build 17.0.6+0-b2043.56-9586694)
# Java VM: OpenJDK 64-Bit Server VM (17.0.6+0-b2043.56-9586694, mixed mode, tiered, compressed oops, compressed class ptrs, g1 gc, windows-amd64)
GC Precious Log:
 CPUs: 8 total, 8 available
 Memory: 8014M
 Large Page Support: Disabled
 NUMA Support: Disabled
 Compressed Oops: Enabled (32-bit)
 Heap Region Size: 1M
 Heap Min Capacity: 8M
 Heap Initial Capacity: 126M
 Heap Max Capacity: 2G
 Pre-touch: Disabled
 Parallel Workers: 8
 Concurrent Workers: 2
 Concurrent Refinement Workers: 8
 Periodic GC: Disabled
Heap:
 garbage-first heap   total 292864K, used 159425K [0x0000000080000000, 0x0000000100000000)
  region size 1024K, 17 young (17408K), 4 survivors (4096K)
 Metaspace       used 116789K, committed 117568K, reserved 1155072K
  class space    used 15176K, committed 15488K, reserved 1048576K
GC Heap History (20 events):
Event: 42.057 GC heap before
{Heap before GC invocations=48 (full 0):
 garbage-first heap   total 243712K, used 196502K [0x0000000080000000, 0x0000000100000000)
  region size 1024K, 61 young (62464K), 8 survivors (8192K)
 Metaspace       used 98970K, committed 99776K, reserved 1138688K
  class space    used 13057K, committed 13440K, reserved 1048576K
}
Event: 42.070 GC heap after
{Heap after GC invocations=49 (full 0):
 garbage-first heap   total 243712K, used 142205K [0x0000000080000000, 0x0000000100000000)
  region size 1024K, 3 young (3072K), 3 survivors (3072K)
 Metaspace       used 98970K, committed 99776K, reserved 1138688K
  class space    used 13057K, committed 13440K, reserved 1048576K
}
Event: 43.324 GC heap before
{Heap before GC invocations=49 (full 0):
 garbage-first heap   total 243712K, used 198525K [0x0000000080000000, 0x0000000100000000)
  region size 1024K, 59 young (60416K), 3 survivors (3072K)
 Metaspace       used 99067K, committed 99840K, reserved 1138688K
  class space    used 13064K, committed 13440K, reserved 1048576K
}
Event: 43.330 GC heap after
{Heap after GC invocations=50 (full 0):
 garbage-first heap   total 243712K, used 144136K [0x0000000080000000, 0x0000000100000000)
  region size 1024K, 5 young (5120K), 5 survivors (5120K)
 Metaspace       used 99067K, committed 99840K, reserved 1138688K
  class space    used 13064K, committed 13440K, reserved 1048576K
}
Event: 44.060 GC heap before
{Heap before GC invocations=50 (full 0):
 garbage-first heap   total 243712K, used 201480K [0x0000000080000000, 0x0000000100000000)
  region size 1024K, 62 young (63488K), 5 survivors (5120K)
 Metaspace       used 99803K, committed 100544K, reserved 1138688K
  class space    used 13143K, committed 13504K, reserved 1048576K
}
Event: 44.073 GC heap after
{Heap after GC invocations=51 (full 0):
 garbage-first heap   total 243712K, used 148501K [0x0000000080000000, 0x0000000100000000)
  region size 1024K, 7 young (7168K), 7 survivors (7168K)
 Metaspace       used 99803K, committed 100544K, reserved 1138688K
  class space    used 13143K, committed 13504K, reserved 1048576K
}
Event: 52.910 GC heap before
{Heap before GC invocations=51 (full 0):
 garbage-first heap   total 243712K, used 202773K [0x0000000080000000, 0x0000000100000000)
  region size 1024K, 61 young (62464K), 7 survivors (7168K)
 Metaspace       used 104356K, committed 105088K, reserved 1146880K
  class space    used 13762K, committed 14144K, reserved 1048576K
}
Event: 52.931 GC heap after
{Heap after GC invocations=52 (full 0):
 garbage-first heap   total 243712K, used 156090K [0x0000000080000000, 0x0000000100000000)
  region size 1024K, 8 young (8192K), 8 survivors (8192K)
 Metaspace       used 104356K, committed 105088K, reserved 1146880K
  class space    used 13762K, committed 14144K, reserved 1048576K
}
Event: 53.545 GC heap before
{Heap before GC invocations=52 (full 0):
 garbage-first heap   total 243712K, used 202170K [0x0000000080000000, 0x0000000100000000)
  region size 1024K, 54 young (55296K), 8 survivors (8192K)
 Metaspace       used 104827K, committed 105600K, reserved 1146880K
  class space    used 13810K, committed 14144K, reserved 1048576K
}
Event: 53.554 GC heap after
{Heap after GC invocations=53 (full 0):
 garbage-first heap   total 243712K, used 156827K [0x0000000080000000, 0x0000000100000000)
  region size 1024K, 3 young (3072K), 3 survivors (3072K)
 Metaspace       used 104827K, committed 105600K, reserved 1146880K
  class space    used 13810K, committed 14144K, reserved 1048576K
}
Event: 54.103 GC heap before
{Heap before GC invocations=53 (full 0):
 garbage-first heap   total 243712K, used 202907K [0x0000000080000000, 0x0000000100000000)
  region size 1024K, 49 young (50176K), 3 survivors (3072K)
 Metaspace       used 106085K, committed 106880K, reserved 1146880K
  class space    used 13956K, committed 14336K, reserved 1048576K
}
Event: 54.116 GC heap after
{Heap after GC invocations=54 (full 0):
 garbage-first heap   total 243712K, used 162234K [0x0000000080000000, 0x0000000100000000)
  region size 1024K, 7 young (7168K), 7 survivors (7168K)
 Metaspace       used 106085K, committed 106880K, reserved 1146880K
  class space    used 13956K, committed 14336K, reserved 1048576K
}
Event: 56.099 GC heap before
{Heap before GC invocations=54 (full 0):
 garbage-first heap   total 243712K, used 197050K [0x0000000080000000, 0x0000000100000000)
  region size 1024K, 43 young (44032K), 7 survivors (7168K)
 Metaspace       used 111719K, committed 112448K, reserved 1146880K
  class space    used 14692K, committed 15040K, reserved 1048576K
}
Event: 56.112 GC heap after
{Heap after GC invocations=55 (full 0):
 garbage-first heap   total 292864K, used 165901K [0x0000000080000000, 0x0000000100000000)
  region size 1024K, 4 young (4096K), 4 survivors (4096K)
 Metaspace       used 111719K, committed 112448K, reserved 1146880K
  class space    used 14692K, committed 15040K, reserved 1048576K
}
Event: 59.287 GC heap before
{Heap before GC invocations=56 (full 0):
 garbage-first heap   total 292864K, used 230413K [0x0000000080000000, 0x0000000100000000)
  region size 1024K, 78 young (79872K), 4 survivors (4096K)
 Metaspace       used 114724K, committed 115520K, reserved 1155072K
  class space    used 14997K, committed 15360K, reserved 1048576K
}
Event: 59.309 GC heap after
{Heap after GC invocations=57 (full 0):
 garbage-first heap   total 292864K, used 170668K [0x0000000080000000, 0x0000000100000000)
  region size 1024K, 10 young (10240K), 10 survivors (10240K)
 Metaspace       used 114724K, committed 115520K, reserved 1155072K
  class space    used 14997K, committed 15360K, reserved 1048576K
}
Event: 59.829 GC heap before
{Heap before GC invocations=57 (full 0):
 garbage-first heap   total 292864K, used 174764K [0x0000000080000000, 0x0000000100000000)
  region size 1024K, 14 young (14336K), 10 survivors (10240K)
 Metaspace       used 115413K, committed 116096K, reserved 1155072K
  class space    used 15063K, committed 15360K, reserved 1048576K
}
Event: 59.848 GC heap after
{Heap after GC invocations=58 (full 0):
 garbage-first heap   total 292864K, used 144842K [0x0000000080000000, 0x0000000100000000)
  region size 1024K, 2 young (2048K), 2 survivors (2048K)
 Metaspace       used 115413K, committed 116096K, reserved 1155072K
  class space    used 15063K, committed 15360K, reserved 1048576K
}
Event: 61.918 GC heap before
{Heap before GC invocations=58 (full 0):
 garbage-first heap   total 292864K, used 228810K [0x0000000080000000, 0x0000000100000000)
  region size 1024K, 84 young (86016K), 2 survivors (2048K)
 Metaspace       used 116638K, committed 117376K, reserved 1155072K
  class space    used 15151K, committed 15488K, reserved 1048576K
}
Event: 61.933 GC heap after
{Heap after GC invocations=59 (full 0):
 garbage-first heap   total 292864K, used 147137K [0x0000000080000000, 0x0000000100000000)
  region size 1024K, 4 young (4096K), 4 survivors (4096K)
 Metaspace       used 116638K, committed 117376K, reserved 1155072K
  class space    used 15151K, committed 15488K, reserved 1048576K
}

