# JRE version: OpenJDK Runtime Environment (17.0.6) (build 17.0.6+0-b2043.56-9586694)
# Java VM: OpenJDK 64-Bit Server VM (17.0.6+0-b2043.56-9586694, mixed mode, tiered, compressed oops, compressed class ptrs, g1 gc, windows-amd64)
GC Precious Log:
 CPUs: 8 total, 8 available
 Memory: 8014M
 Large Page Support: Disabled
 NUMA Support: Disabled
 Compressed Oops: Enabled (32-bit)
 Heap Region Size: 1M
 Heap Min Capacity: 8M
 Heap Initial Capacity: 126M
 Heap Max Capacity: 2G
 Pre-touch: Disabled
 Parallel Workers: 8
 Concurrent Workers: 2
 Concurrent Refinement Workers: 8
 Periodic GC: Disabled
Heap:
 garbage-first heap   total 227328K, used 142751K [0x0000000080000000, 0x0000000100000000)
  region size 1024K, 2 young (2048K), 2 survivors (2048K)
 Metaspace       used 98755K, committed 99456K, reserved 1138688K
  class space    used 13074K, committed 13440K, reserved 1048576K
GC Heap History (20 events):
Event: 15.134 GC heap after
{Heap after GC invocations=37 (full 0):
 garbage-first heap   total 146432K, used 85978K [0x0000000080000000, 0x0000000100000000)
  region size 1024K, 1 young (1024K), 1 survivors (1024K)
 Metaspace       used 88046K, committed 88704K, reserved 1130496K
  class space    used 11994K, committed 12288K, reserved 1048576K
}
Event: 15.528 GC heap before
{Heap before GC invocations=37 (full 0):
 garbage-first heap   total 146432K, used 117722K [0x0000000080000000, 0x0000000100000000)
  region size 1024K, 33 young (33792K), 1 survivors (1024K)
 Metaspace       used 88375K, committed 89088K, reserved 1130496K
  class space    used 12017K, committed 12352K, reserved 1048576K
}
Event: 15.532 GC heap after
{Heap after GC invocations=38 (full 0):
 garbage-first heap   total 227328K, used 87758K [0x0000000080000000, 0x0000000100000000)
  region size 1024K, 3 young (3072K), 3 survivors (3072K)
 Metaspace       used 88375K, committed 89088K, reserved 1130496K
  class space    used 12017K, committed 12352K, reserved 1048576K
}
Event: 18.251 GC heap before
{Heap before GC invocations=39 (full 0):
 garbage-first heap   total 227328K, used 182990K [0x0000000080000000, 0x0000000100000000)
  region size 1024K, 88 young (90112K), 3 survivors (3072K)
 Metaspace       used 91563K, committed 92224K, reserved 1130496K
  class space    used 12380K, committed 12672K, reserved 1048576K
}
Event: 18.269 GC heap after
{Heap after GC invocations=40 (full 0):
 garbage-first heap   total 227328K, used 107058K [0x0000000080000000, 0x0000000100000000)
  region size 1024K, 11 young (11264K), 11 survivors (11264K)
 Metaspace       used 91563K, committed 92224K, reserved 1130496K
  class space    used 12380K, committed 12672K, reserved 1048576K
}
Event: 18.301 GC heap before
{Heap before GC invocations=40 (full 0):
 garbage-first heap   total 227328K, used 107058K [0x0000000080000000, 0x0000000100000000)
  region size 1024K, 12 young (12288K), 11 survivors (11264K)
 Metaspace       used 91563K, committed 92224K, reserved 1130496K
  class space    used 12380K, committed 12672K, reserved 1048576K
}
Event: 18.315 GC heap after
{Heap after GC invocations=41 (full 0):
 garbage-first heap   total 227328K, used 108589K [0x0000000080000000, 0x0000000100000000)
  region size 1024K, 2 young (2048K), 2 survivors (2048K)
 Metaspace       used 91563K, committed 92224K, reserved 1130496K
  class space    used 12380K, committed 12672K, reserved 1048576K
}
Event: 19.795 GC heap before
{Heap before GC invocations=41 (full 0):
 garbage-first heap   total 227328K, used 182317K [0x0000000080000000, 0x0000000100000000)
  region size 1024K, 66 young (67584K), 2 survivors (2048K)
 Metaspace       used 92309K, committed 92992K, reserved 1130496K
  class space    used 12442K, committed 12736K, reserved 1048576K
}
Event: 19.810 GC heap after
{Heap after GC invocations=42 (full 0):
 garbage-first heap   total 227328K, used 122853K [0x0000000080000000, 0x0000000100000000)
  region size 1024K, 9 young (9216K), 9 survivors (9216K)
 Metaspace       used 92309K, committed 92992K, reserved 1130496K
  class space    used 12442K, committed 12736K, reserved 1048576K
}
Event: 20.374 GC heap before
{Heap before GC invocations=43 (full 0):
 garbage-first heap   total 227328K, used 192485K [0x0000000080000000, 0x0000000100000000)
  region size 1024K, 60 young (61440K), 9 survivors (9216K)
 Metaspace       used 92990K, committed 93632K, reserved 1130496K
  class space    used 12509K, committed 12800K, reserved 1048576K
}
Event: 20.392 GC heap after
{Heap after GC invocations=44 (full 0):
 garbage-first heap   total 227328K, used 131271K [0x0000000080000000, 0x0000000100000000)
  region size 1024K, 8 young (8192K), 8 survivors (8192K)
 Metaspace       used 92990K, committed 93632K, reserved 1130496K
  class space    used 12509K, committed 12800K, reserved 1048576K
}
Event: 20.405 GC heap before
{Heap before GC invocations=44 (full 0):
 garbage-first heap   total 227328K, used 134343K [0x0000000080000000, 0x0000000100000000)
  region size 1024K, 11 young (11264K), 8 survivors (8192K)
 Metaspace       used 93116K, committed 93824K, reserved 1130496K
  class space    used 12519K, committed 12800K, reserved 1048576K
}
Event: 20.412 GC heap after
{Heap after GC invocations=45 (full 0):
 garbage-first heap   total 227328K, used 132228K [0x0000000080000000, 0x0000000100000000)
  region size 1024K, 2 young (2048K), 2 survivors (2048K)
 Metaspace       used 93116K, committed 93824K, reserved 1130496K
  class space    used 12519K, committed 12800K, reserved 1048576K
}
Event: 20.915 GC heap before
{Heap before GC invocations=45 (full 0):
 garbage-first heap   total 227328K, used 178308K [0x0000000080000000, 0x0000000100000000)
  region size 1024K, 48 young (49152K), 2 survivors (2048K)
 Metaspace       used 96146K, committed 96832K, reserved 1138688K
  class space    used 12780K, committed 13120K, reserved 1048576K
}
Event: 20.920 GC heap after
{Heap after GC invocations=46 (full 0):
 garbage-first heap   total 227328K, used 134942K [0x0000000080000000, 0x0000000100000000)
  region size 1024K, 5 young (5120K), 5 survivors (5120K)
 Metaspace       used 96146K, committed 96832K, reserved 1138688K
  class space    used 12780K, committed 13120K, reserved 1048576K
}
Event: 21.258 GC heap before
{Heap before GC invocations=46 (full 0):
 garbage-first heap   total 227328K, used 181022K [0x0000000080000000, 0x0000000100000000)
  region size 1024K, 51 young (52224K), 5 survivors (5120K)
 Metaspace       used 96736K, committed 97472K, reserved 1138688K
  class space    used 12824K, committed 13184K, reserved 1048576K
}
Event: 21.263 GC heap after
{Heap after GC invocations=47 (full 0):
 garbage-first heap   total 227328K, used 135716K [0x0000000080000000, 0x0000000100000000)
  region size 1024K, 5 young (5120K), 5 survivors (5120K)
 Metaspace       used 96736K, committed 97472K, reserved 1138688K
  class space    used 12824K, committed 13184K, reserved 1048576K
}
Event: 21.688 GC heap before
{Heap before GC invocations=47 (full 0):
 garbage-first heap   total 227328K, used 183844K [0x0000000080000000, 0x0000000100000000)
  region size 1024K, 53 young (54272K), 5 survivors (5120K)
 Metaspace       used 97400K, committed 98112K, reserved 1138688K
  class space    used 12880K, committed 13248K, reserved 1048576K
}
Event: 21.700 GC heap after
{Heap after GC invocations=48 (full 0):
 garbage-first heap   total 227328K, used 144102K [0x0000000080000000, 0x0000000100000000)
  region size 1024K, 7 young (7168K), 7 survivors (7168K)
 Metaspace       used 97400K, committed 98112K, reserved 1138688K
  class space    used 12880K, committed 13248K, reserved 1048576K
}
Event: 22.591 GC heap before
{Heap before GC invocations=48 (full 0):
 garbage-first heap   total 227328K, used 184038K [0x0000000080000000, 0x0000000100000000)
  region size 1024K, 47 young (48128K), 7 survivors (7168K)
 Metaspace       used 98755K, committed 99456K, reserved 1138688K
  class space    used 13074K, committed 13440K, reserved 1048576K
}

