# JRE version: OpenJDK Runtime Environment (17.0.6) (build 17.0.6+0-b2043.56-9586694)
# Java VM: OpenJDK 64-Bit Server VM (17.0.6+0-b2043.56-9586694, mixed mode, tiered, compressed oops, compressed class ptrs, g1 gc, windows-amd64)
GC Precious Log:
 CPUs: 8 total, 8 available
 Memory: 8014M
 Large Page Support: Disabled
 NUMA Support: Disabled
 Compressed Oops: Enabled (32-bit)
 Heap Region Size: 1M
 Heap Min Capacity: 8M
 Heap Initial Capacity: 126M
 Heap Max Capacity: 2G
 Pre-touch: Disabled
 Parallel Workers: 8
 Concurrent Workers: 2
 Concurrent Refinement Workers: 8
 Periodic GC: Disabled
Heap:
 garbage-first heap   total 83968K, used 59077K [0x0000000080000000, 0x0000000100000000)
  region size 1024K, 15 young (15360K), 2 survivors (2048K)
 Metaspace       used 61617K, committed 62144K, reserved 1105920K
  class space    used 8093K, committed 8320K, reserved 1048576K
GC Heap History (20 events):
Event: 10.582 GC heap before
{Heap before GC invocations=12 (full 0):
 garbage-first heap   total 68608K, used 51902K [0x0000000080000000, 0x0000000100000000)
  region size 1024K, 23 young (23552K), 3 survivors (3072K)
 Metaspace       used 47172K, committed 47552K, reserved 1097728K
  class space    used 6174K, committed 6336K, reserved 1048576K
}
Event: 10.587 GC heap after
{Heap after GC invocations=13 (full 0):
 garbage-first heap   total 68608K, used 32892K [0x0000000080000000, 0x0000000100000000)
  region size 1024K, 2 young (2048K), 2 survivors (2048K)
 Metaspace       used 47172K, committed 47552K, reserved 1097728K
  class space    used 6174K, committed 6336K, reserved 1048576K
}
Event: 11.188 GC heap before
{Heap before GC invocations=13 (full 0):
 garbage-first heap   total 68608K, used 52348K [0x0000000080000000, 0x0000000100000000)
  region size 1024K, 21 young (21504K), 2 survivors (2048K)
 Metaspace       used 49455K, committed 49856K, reserved 1097728K
  class space    used 6532K, committed 6720K, reserved 1048576K
}
Event: 11.192 GC heap after
{Heap after GC invocations=14 (full 0):
 garbage-first heap   total 68608K, used 33745K [0x0000000080000000, 0x0000000100000000)
  region size 1024K, 3 young (3072K), 3 survivors (3072K)
 Metaspace       used 49455K, committed 49856K, reserved 1097728K
  class space    used 6532K, committed 6720K, reserved 1048576K
}
Event: 12.798 GC heap before
{Heap before GC invocations=15 (full 0):
 garbage-first heap   total 68608K, used 53201K [0x0000000080000000, 0x0000000100000000)
  region size 1024K, 22 young (22528K), 3 survivors (3072K)
 Metaspace       used 51251K, committed 51712K, reserved 1097728K
  class space    used 6774K, committed 6976K, reserved 1048576K
}
Event: 12.804 GC heap after
{Heap after GC invocations=16 (full 0):
 garbage-first heap   total 68608K, used 35466K [0x0000000080000000, 0x0000000100000000)
  region size 1024K, 3 young (3072K), 3 survivors (3072K)
 Metaspace       used 51251K, committed 51712K, reserved 1097728K
  class space    used 6774K, committed 6976K, reserved 1048576K
}
Event: 14.152 GC heap before
{Heap before GC invocations=16 (full 0):
 garbage-first heap   total 68608K, used 52874K [0x0000000080000000, 0x0000000100000000)
  region size 1024K, 21 young (21504K), 3 survivors (3072K)
 Metaspace       used 51859K, committed 52352K, reserved 1097728K
  class space    used 6843K, committed 7040K, reserved 1048576K
}
Event: 14.158 GC heap after
{Heap after GC invocations=17 (full 0):
 garbage-first heap   total 68608K, used 37061K [0x0000000080000000, 0x0000000100000000)
  region size 1024K, 3 young (3072K), 3 survivors (3072K)
 Metaspace       used 51859K, committed 52352K, reserved 1097728K
  class space    used 6843K, committed 7040K, reserved 1048576K
}
Event: 14.275 GC heap before
{Heap before GC invocations=18 (full 0):
 garbage-first heap   total 68608K, used 38085K [0x0000000080000000, 0x0000000100000000)
  region size 1024K, 5 young (5120K), 3 survivors (3072K)
 Metaspace       used 51880K, committed 52352K, reserved 1097728K
  class space    used 6844K, committed 7040K, reserved 1048576K
}
Event: 14.279 GC heap after
{Heap after GC invocations=19 (full 0):
 garbage-first heap   total 68608K, used 39482K [0x0000000080000000, 0x0000000100000000)
  region size 1024K, 2 young (2048K), 2 survivors (2048K)
 Metaspace       used 51880K, committed 52352K, reserved 1097728K
  class space    used 6844K, committed 7040K, reserved 1048576K
}
Event: 14.638 GC heap before
{Heap before GC invocations=20 (full 0):
 garbage-first heap   total 71680K, used 44602K [0x0000000080000000, 0x0000000100000000)
  region size 1024K, 8 young (8192K), 2 survivors (2048K)
 Metaspace       used 52006K, committed 52416K, reserved 1097728K
  class space    used 6854K, committed 7040K, reserved 1048576K
}
Event: 14.642 GC heap after
{Heap after GC invocations=21 (full 0):
 garbage-first heap   total 71680K, used 44023K [0x0000000080000000, 0x0000000100000000)
  region size 1024K, 2 young (2048K), 2 survivors (2048K)
 Metaspace       used 52006K, committed 52416K, reserved 1097728K
  class space    used 6854K, committed 7040K, reserved 1048576K
}
Event: 15.110 GC heap before
{Heap before GC invocations=22 (full 0):
 garbage-first heap   total 78848K, used 52215K [0x0000000080000000, 0x0000000100000000)
  region size 1024K, 10 young (10240K), 2 survivors (2048K)
 Metaspace       used 52963K, committed 53376K, reserved 1097728K
  class space    used 6970K, committed 7168K, reserved 1048576K
}
Event: 15.116 GC heap after
{Heap after GC invocations=23 (full 0):
 garbage-first heap   total 78848K, used 45268K [0x0000000080000000, 0x0000000100000000)
  region size 1024K, 2 young (2048K), 2 survivors (2048K)
 Metaspace       used 52963K, committed 53376K, reserved 1097728K
  class space    used 6970K, committed 7168K, reserved 1048576K
}
Event: 15.693 GC heap before
{Heap before GC invocations=23 (full 0):
 garbage-first heap   total 78848K, used 55508K [0x0000000080000000, 0x0000000100000000)
  region size 1024K, 12 young (12288K), 2 survivors (2048K)
 Metaspace       used 54314K, committed 54784K, reserved 1097728K
  class space    used 7171K, committed 7360K, reserved 1048576K
}
Event: 15.699 GC heap after
{Heap after GC invocations=24 (full 0):
 garbage-first heap   total 78848K, used 45646K [0x0000000080000000, 0x0000000100000000)
  region size 1024K, 1 young (1024K), 1 survivors (1024K)
 Metaspace       used 54314K, committed 54784K, reserved 1097728K
  class space    used 7171K, committed 7360K, reserved 1048576K
}
Event: 16.038 GC heap before
{Heap before GC invocations=25 (full 0):
 garbage-first heap   total 81920K, used 57934K [0x0000000080000000, 0x0000000100000000)
  region size 1024K, 13 young (13312K), 1 survivors (1024K)
 Metaspace       used 56402K, committed 56832K, reserved 1105920K
  class space    used 7422K, committed 7616K, reserved 1048576K
}
Event: 16.041 GC heap after
{Heap after GC invocations=26 (full 0):
 garbage-first heap   total 81920K, used 46134K [0x0000000080000000, 0x0000000100000000)
  region size 1024K, 1 young (1024K), 1 survivors (1024K)
 Metaspace       used 56402K, committed 56832K, reserved 1105920K
  class space    used 7422K, committed 7616K, reserved 1048576K
}
Event: 16.466 GC heap before
{Heap before GC invocations=26 (full 0):
 garbage-first heap   total 81920K, used 61494K [0x0000000080000000, 0x0000000100000000)
  region size 1024K, 16 young (16384K), 1 survivors (1024K)
 Metaspace       used 59120K, committed 59584K, reserved 1105920K
  class space    used 7733K, committed 7936K, reserved 1048576K
}
Event: 16.470 GC heap after
{Heap after GC invocations=27 (full 0):
 garbage-first heap   total 81920K, used 46789K [0x0000000080000000, 0x0000000100000000)
  region size 1024K, 2 young (2048K), 2 survivors (2048K)
 Metaspace       used 59120K, committed 59584K, reserved 1105920K
  class space    used 7733K, committed 7936K, reserved 1048576K
}

